<?xml version="1.0" encoding="UTF-8"?>
<!-- Generated by org.testng.reporters.JUnitReportReporter -->
<testsuite skipped="0" hostname="DESKTOP-8B6SBOE" name="com.org.KONGA.Add_To_Cart_Positive" tests="3" failures="0" timestamp="2020-06-21T18:38:43 WAT" time="27.306" errors="0">
  <testcase name="Verify_Page_Title" time="0.435" classname="com.org.KONGA.Add_To_Cart_Positive"/>
  <system-out/>
  <testcase name="Search_Product" time="16.135" classname="com.org.KONGA.Add_To_Cart_Positive"/>
  <system-out/>
  <testcase name="Add" time="10.736" classname="com.org.KONGA.Add_To_Cart_Positive"/>
  <system-out/>
</testsuite> <!-- com.org.KONGA.Add_To_Cart_Positive -->
