<?xml version="1.0" encoding="UTF-8"?>
<!-- Generated by org.testng.reporters.JUnitReportReporter -->
<testsuite skipped="0" hostname="DESKTOP-8B6SBOE" name="com.org.KONGA.Product_Search_Positive" tests="2" failures="0" timestamp="2020-06-21T04:26:28 WAT" time="11.189" errors="0">
  <testcase name="Verify_Page_Title" time="1.173" classname="com.org.KONGA.Product_Search_Positive"/>
  <system-out/>
  <testcase name="Search_Product" time="10.016" classname="com.org.KONGA.Product_Search_Positive"/>
  <system-out/>
</testsuite> <!-- com.org.KONGA.Product_Search_Positive -->
